[debug] [2024-12-04T17:25:02.475Z] ----------------------------------------------------------------------
[debug] [2024-12-04T17:25:02.477Z] Command:       /opt/homebrew/Cellar/node/23.1.0_1/bin/node /opt/homebrew/bin/firebase
[debug] [2024-12-04T17:25:02.477Z] CLI Version:   13.27.0
[debug] [2024-12-04T17:25:02.477Z] Platform:      darwin
[debug] [2024-12-04T17:25:02.477Z] Node Version:  v23.1.0
[debug] [2024-12-04T17:25:02.477Z] Time:          Wed Dec 04 2024 18:25:02 GMT+0100 (Central European Standard Time)
[debug] [2024-12-04T17:25:02.477Z] ----------------------------------------------------------------------
[debug] 
[debug] [2024-12-04T17:25:02.479Z] TypeError: Cannot read properties of undefined (reading '0')
    at Command.<anonymous> (/opt/homebrew/lib/node_modules/firebase-tools/lib/index.js:58:21)
    at Command.listener [as _actionHandler] (/opt/homebrew/lib/node_modules/firebase-tools/node_modules/commander/index.js:413:31)
    at Command._parseCommand (/opt/homebrew/lib/node_modules/firebase-tools/node_modules/commander/index.js:914:14)
    at Command.parse (/opt/homebrew/lib/node_modules/firebase-tools/node_modules/commander/index.js:717:10)
    at Object.<anonymous> (/opt/homebrew/lib/node_modules/firebase-tools/lib/bin/firebase.js:129:22)
    at Module._compile (node:internal/modules/cjs/loader:1572:14)
    at Object..js (node:internal/modules/cjs/loader:1709:10)
    at Module.load (node:internal/modules/cjs/loader:1315:32)
    at Function._load (node:internal/modules/cjs/loader:1125:12)
    at TracingChannel.traceSync (node:diagnostics_channel:322:14)
[error] 
[error] Error: An unexpected error has occurred.
